2025-12-17 11:32:18,388 - __main__ - INFO - 🚀 Бот запускается...
2025-12-17 11:32:18,389 - __main__ - INFO - Токен: 8588075878...
2025-12-17 11:32:18,391 - aiogram.dispatcher - INFO - Start polling
2025-12-17 11:32:21,454 - aiogram.dispatcher - INFO - Run polling for bot @sequrevpnbot id=8588075878 - 'Secure VPN'
2025-12-17 11:32:21,609 - aiogram.event - INFO - Update id=340380994 is handled. Duration 125 ms by bot id=8588075878
2025-12-17 11:32:58,213 - aiogram.event - INFO - Update id=340380995 is handled. Duration 57 ms by bot id=8588075878
2025-12-17 11:38:50,837 - aiogram.dispatcher - WARNING - Received SIGINT signal
2025-12-17 11:38:50,839 - aiogram.dispatcher - INFO - Polling stopped for bot @sequrevpnbot id=8588075878 - 'Secure VPN'
2025-12-17 11:38:50,840 - aiogram.dispatcher - INFO - Polling stopped
2025-12-17 11:42:05,489 - __main__ - INFO - ✅ База данных инициализирована
2025-12-17 11:42:05,493 - __main__ - INFO - 🚀 Запуск VPN бота...
2025-12-17 11:42:05,494 - __main__ - INFO - Цена: 100 руб.
2025-12-17 11:42:05,494 - __main__ - INFO - Домен: https://secureprodaww.ru
2025-12-17 11:42:05,494 - __main__ - INFO - Platega API: Настроен
2025-12-17 11:42:05,496 - aiogram.dispatcher - INFO - Start polling
2025-12-17 11:42:05,572 - aiogram.dispatcher - INFO - Run polling for bot @sequrevpnbot id=8588075878 - 'Secure VPN'
2025-12-17 11:42:35,181 - aiogram.event - INFO - Update id=340380996 is handled. Duration 190 ms by bot id=8588075878
2025-12-17 11:42:45,772 - __main__ - ERROR - ❌ Ошибка создания платежа: Cannot connect to host api.platega.io:443 ssl:default [Name or service not known]
2025-12-17 11:42:45,832 - aiogram.event - INFO - Update id=340380997 is handled. Duration 182 ms by bot id=8588075878
2025-12-17 11:45:36,782 - aiogram.dispatcher - WARNING - Received SIGINT signal
2025-12-17 11:45:36,784 - aiogram.dispatcher - INFO - Polling stopped for bot @sequrevpnbot id=8588075878 - 'Secure VPN'
2025-12-17 11:45:36,785 - aiogram.dispatcher - INFO - Polling stopped
2025-12-17 11:57:12,467 - __main__ - INFO - ✅ База данных инициализирована
2025-12-17 11:57:12,470 - __main__ - INFO - 🚀 Запуск VPN бота...
2025-12-17 11:57:12,470 - __main__ - INFO - Цена: 100 руб.
2025-12-17 11:57:12,470 - __main__ - INFO - Домен: https://secureprodaww.ru
2025-12-17 11:57:12,471 - __main__ - INFO - Platega API: Настроен
2025-12-17 11:57:12,471 - aiogram.dispatcher - INFO - Start polling
2025-12-17 11:57:12,534 - aiogram.dispatcher - INFO - Run polling for bot @sequrevpnbot id=8588075878 - 'Secure VPN'
2025-12-17 11:58:03,038 - aiogram.dispatcher - WARNING - Received SIGINT signal
2025-12-17 11:58:03,040 - aiogram.dispatcher - INFO - Polling stopped for bot @sequrevpnbot id=8588075878 - 'Secure VPN'
2025-12-17 11:58:03,040 - aiogram.dispatcher - INFO - Polling stopped
2025-12-17 12:02:31,118 - __main__ - INFO - ✅ База данных инициализирована
2025-12-17 12:02:31,120 - __main__ - INFO - 🚀 Запуск VPN бота...
2025-12-17 12:02:31,121 - __main__ - INFO - Цена: 100 руб.
2025-12-17 12:02:31,121 - __main__ - INFO - Домен: https://secureprodaww.ru
2025-12-17 12:02:31,121 - __main__ - INFO - Platega API: Настроен
2025-12-17 12:02:31,122 - aiogram.dispatcher - INFO - Start polling
2025-12-17 12:02:31,192 - aiogram.dispatcher - INFO - Run polling for bot @sequrevpnbot id=8588075878 - 'Secure VPN'
2025-12-17 12:09:02,617 - aiogram.dispatcher - WARNING - Received SIGINT signal
2025-12-17 12:09:02,620 - aiogram.dispatcher - INFO - Polling stopped for bot @sequrevpnbot id=8588075878 - 'Secure VPN'
2025-12-17 12:09:02,621 - aiogram.dispatcher - INFO - Polling stopped
2025-12-17 12:09:26,646 - __main__ - INFO - ✅ База данных инициализирована
2025-12-17 12:09:26,649 - __main__ - INFO - 🚀 Запуск VPN бота...
2025-12-17 12:09:26,650 - __main__ - INFO - Цена: 100 руб.
2025-12-17 12:09:26,650 - __main__ - INFO - Домен: https://secureprodaww.ru
2025-12-17 12:09:26,651 - __main__ - INFO - Platega API: Настроен
2025-12-17 12:09:26,651 - aiogram.dispatcher - INFO - Start polling
2025-12-17 12:09:26,722 - aiogram.dispatcher - INFO - Run polling for bot @sequrevpnbot id=8588075878 - 'Secure VPN'
2025-12-17 12:09:42,722 - aiogram.event - INFO - Update id=340380998 is handled. Duration 91 ms by bot id=8588075878
2025-12-17 12:09:44,634 - __main__ - ERROR - ❌ Ошибка создания платежа: Cannot connect to host api.platega.io:443 ssl:default [Name or service not known]
2025-12-17 12:09:44,724 - aiogram.event - INFO - Update id=340380999 is handled. Duration 224 ms by bot id=8588075878
2025-12-17 12:09:50,131 - aiogram.event - INFO - Update id=340381000 is handled. Duration 259 ms by bot id=8588075878
2025-12-17 12:09:53,699 - aiogram.event - INFO - Update id=340381001 is handled. Duration 64 ms by bot id=8588075878
2025-12-17 12:10:06,343 - aiogram.dispatcher - WARNING - Received SIGINT signal
2025-12-17 12:10:06,345 - aiogram.dispatcher - INFO - Polling stopped for bot @sequrevpnbot id=8588075878 - 'Secure VPN'
2025-12-17 12:10:06,345 - aiogram.dispatcher - INFO - Polling stopped
2025-12-17 12:13:35,066 - __main__ - INFO - ✅ База данных инициализирована
2025-12-17 12:13:35,069 - __main__ - INFO - 🚀 Запуск VPN бота...
2025-12-17 12:13:35,070 - __main__ - INFO - Цена: 100 руб.
2025-12-17 12:13:35,070 - __main__ - INFO - Домен: https://secureprodaww.ru
2025-12-17 12:13:35,070 - __main__ - INFO - Platega API: Настроен
2025-12-17 12:13:35,071 - aiogram.dispatcher - INFO - Start polling
2025-12-17 12:13:35,163 - aiogram.dispatcher - INFO - Run polling for bot @sequrevpnbot id=8588075878 - 'Secure VPN'
2025-12-17 12:13:50,801 - aiogram.event - INFO - Update id=340381002 is handled. Duration 123 ms by bot id=8588075878
2025-12-17 12:13:52,730 - __main__ - ERROR - ❌ Ошибка создания платежа: Cannot connect to host api.platega.io:443 ssl:default [Name or service not known]
2025-12-17 12:13:52,930 - aiogram.event - INFO - Update id=340381003 is handled. Duration 451 ms by bot id=8588075878
2025-12-17 12:17:50,536 - aiogram.dispatcher - WARNING - Received SIGINT signal
2025-12-17 12:17:50,537 - aiogram.dispatcher - INFO - Polling stopped for bot @sequrevpnbot id=8588075878 - 'Secure VPN'
2025-12-17 12:17:50,538 - aiogram.dispatcher - INFO - Polling stopped
2025-12-17 12:22:12,895 - __main__ - INFO - ✅ База данных инициализирована
2025-12-17 12:22:12,897 - __main__ - INFO - 🚀 Запуск VPN бота...
2025-12-17 12:22:12,898 - __main__ - INFO - Цена: 100 руб.
2025-12-17 12:22:12,899 - __main__ - INFO - Домен: https://secureprodaww.ru
2025-12-17 12:22:12,899 - __main__ - INFO - Platega API: Настроен
2025-12-17 12:22:12,900 - aiogram.dispatcher - INFO - Start polling
2025-12-17 12:22:12,958 - aiogram.dispatcher - INFO - Run polling for bot @sequrevpnbot id=8588075878 - 'Secure VPN'
2025-12-17 12:22:33,736 - aiogram.event - INFO - Update id=340381004 is handled. Duration 104 ms by bot id=8588075878
2025-12-17 12:22:35,457 - __main__ - ERROR - ❌ Ошибка API Platega. Статус: 404
2025-12-17 12:22:35,458 - __main__ - ERROR - Ответ: 
2025-12-17 12:22:35,516 - aiogram.event - INFO - Update id=340381005 is handled. Duration 283 ms by bot id=8588075878
2025-12-17 12:22:50,239 - aiogram.dispatcher - WARNING - Received SIGINT signal
2025-12-17 12:22:50,240 - aiogram.dispatcher - INFO - Polling stopped for bot @sequrevpnbot id=8588075878 - 'Secure VPN'
2025-12-17 12:22:50,241 - aiogram.dispatcher - INFO - Polling stopped
2025-12-17 12:32:14,133 - __main__ - INFO - ✅ База данных инициализирована
2025-12-17 12:32:14,136 - __main__ - INFO - 🚀 Запуск VPN бота...
2025-12-17 12:32:14,136 - __main__ - INFO - Цена: 100 руб.
2025-12-17 12:32:14,137 - __main__ - INFO - Домен: https://secureprodaww.ru
2025-12-17 12:32:14,137 - __main__ - INFO - Platega API: Настроен
2025-12-17 12:32:14,138 - aiogram.dispatcher - INFO - Start polling
2025-12-17 12:32:14,213 - aiogram.dispatcher - INFO - Run polling for bot @sequrevpnbot id=8588075878 - 'Secure VPN'
2025-12-17 12:32:34,785 - aiogram.event - INFO - Update id=340381006 is handled. Duration 140 ms by bot id=8588075878
2025-12-17 12:32:36,732 - __main__ - ERROR - ❌ Ошибка API Platega. Статус: 404
2025-12-17 12:32:36,733 - __main__ - ERROR - Ответ: 
2025-12-17 12:32:37,114 - aiogram.event - INFO - Update id=340381007 is handled. Duration 785 ms by bot id=8588075878
2025-12-17 12:32:49,743 - aiogram.dispatcher - WARNING - Received SIGINT signal
2025-12-17 12:32:49,744 - aiogram.dispatcher - INFO - Polling stopped for bot @sequrevpnbot id=8588075878 - 'Secure VPN'
2025-12-17 12:32:49,745 - aiogram.dispatcher - INFO - Polling stopped
2025-12-17 12:39:58,840 - __main__ - INFO - ✅ База данных инициализирована
2025-12-17 12:39:58,844 - __main__ - INFO - 🚀 Запуск VPN бота...
2025-12-17 12:39:58,845 - __main__ - INFO - Цена: 100 руб.
2025-12-17 12:39:58,845 - __main__ - INFO - Домен: https://secureprodaww.ru
2025-12-17 12:39:58,846 - __main__ - INFO - Platega API: Настроен
2025-12-17 12:39:58,847 - aiogram.dispatcher - INFO - Start polling
2025-12-17 12:39:58,913 - aiogram.dispatcher - INFO - Run polling for bot @sequrevpnbot id=8588075878 - 'Secure VPN'
2025-12-17 12:40:14,844 - aiogram.event - INFO - Update id=340381008 is handled. Duration 115 ms by bot id=8588075878
2025-12-17 12:40:16,955 - __main__ - INFO - Ответ от Platega (статус 200): {"paymentMethod":"SBPQR","transactionId":"018e2402-11e5-4541-991a-9b3b669bb08b","redirect":"https://pay.platega.io?id=018e2402-11e5-4541-991a-9b3b669bb08b&mh=dc78266f-4a4b-4875-aa31-0be238936913","return":"https://secureprodaww.ru/success","paymentDetails":"100.0 RUB","status":"PENDING","expiresIn":"00:29:29","merchantId":"dc78266f-4a4b-4875-aa31-0be238936913","usdtRate":84.5,"cryptoAmount":0}
2025-12-17 12:40:16,955 - __main__ - INFO - ✅ Платеж создан. Ссылка: https://pay.platega.io?id=018e2402-11e5-4541-991a-9b3b669bb08b&mh=dc78266f-4a4b-4875-aa31-0be238936913
2025-12-17 12:40:17,028 - aiogram.event - INFO - Update id=340381009 is handled. Duration 828 ms by bot id=8588075878
2025-12-17 12:44:03,713 - aiogram.event - INFO - Update id=340381010 is handled. Duration 114 ms by bot id=8588075878
2025-12-17 12:44:14,365 - aiogram.dispatcher - WARNING - Received SIGINT signal
2025-12-17 12:44:14,371 - aiogram.dispatcher - INFO - Polling stopped for bot @sequrevpnbot id=8588075878 - 'Secure VPN'
2025-12-17 12:44:14,371 - aiogram.dispatcher - INFO - Polling stopped
2025-12-17 14:15:45,125 - __main__ - INFO - ✅ База данных инициализирована
2025-12-17 14:15:45,128 - __main__ - INFO - ✅ База данных инициализирована
2025-12-17 14:15:45,129 - __main__ - INFO - 🚀 Запуск VPN бота...
2025-12-17 14:15:45,129 - __main__ - INFO - Цена: 100 руб.
2025-12-17 14:15:45,130 - __main__ - INFO - Домен: https://secureprodaww.ru
2025-12-17 14:15:45,130 - __main__ - INFO - Platega API: Настроен
2025-12-17 14:15:45,221 - aiogram.dispatcher - INFO - Start polling
2025-12-17 14:15:45,245 - aiogram.dispatcher - INFO - Run polling for bot @sequrevpnbot id=8588075878 - 'Secure VPN'
2025-12-17 14:16:00,485 - aiogram.event - INFO - Update id=340381011 is handled. Duration 99 ms by bot id=8588075878
2025-12-17 14:16:04,723 - __main__ - INFO - Ответ от Platega (статус 200): {"paymentMethod":"SBPQR","transactionId":"50e044c4-900a-4cbc-b68f-dfc55a76cd33","redirect":"https://pay.platega.io?id=50e044c4-900a-4cbc-b68f-dfc55a76cd33&mh=dc78266f-4a4b-4875-aa31-0be238936913","return":"https://secureprodaww.ru/success","paymentDetails":"100.0 RUB","status":"PENDING","expiresIn":"00:29:29","merchantId":"dc78266f-4a4b-4875-aa31-0be238936913","usdtRate":84.5,"cryptoAmount":0}
2025-12-17 14:16:04,724 - __main__ - INFO - ✅ Платеж создан. Ссылка: https://pay.platega.io?id=50e044c4-900a-4cbc-b68f-dfc55a76cd33&mh=dc78266f-4a4b-4875-aa31-0be238936913
2025-12-17 14:16:04,885 - aiogram.event - INFO - Update id=340381012 is handled. Duration 691 ms by bot id=8588075878
2025-12-17 14:16:48,335 - aiogram.event - INFO - Update id=340381013 is handled. Duration 92 ms by bot id=8588075878
2025-12-17 14:17:00,955 - aiogram.event - INFO - Update id=340381014 is handled. Duration 28 ms by bot id=8588075878
2025-12-17 14:18:14,196 - aiogram.event - INFO - Update id=340381015 is handled. Duration 46 ms by bot id=8588075878
2025-12-17 14:18:17,085 - aiogram.event - INFO - Update id=340381016 is handled. Duration 124 ms by bot id=8588075878
2025-12-17 14:25:26,894 - aiogram.event - INFO - Update id=340381017 is handled. Duration 34 ms by bot id=8588075878
2025-12-17 14:25:29,403 - aiogram.event - INFO - Update id=340381018 is handled. Duration 42 ms by bot id=8588075878
2025-12-17 14:25:58,310 - aiogram.event - INFO - Update id=340381019 is handled. Duration 25 ms by bot id=8588075878
2025-12-17 14:36:46,611 - aiogram.event - INFO - Update id=340381020 is not handled. Duration 35 ms by bot id=8588075878
2025-12-17 14:36:46,613 - aiogram.event - ERROR - Cause exception while process update id=340381020 by bot id=8588075878
TelegramBadRequest: Telegram server says - Bad Request: inline keyboard button URL 'happvpn://config/abaa5018-d325-46e5-8237-87dddb76e5bf' is invalid: Unsupported URL protocol
Traceback (most recent call last):
  File "/root/vpnbot/venv/lib/python3.10/site-packages/aiogram/dispatcher/dispatcher.py", line 320, in _process_update
    response = await self.feed_update(bot, update, **kwargs)
  File "/root/vpnbot/venv/lib/python3.10/site-packages/aiogram/dispatcher/dispatcher.py", line 164, in feed_update
    response = await self.update.wrap_outer_middleware(
  File "/root/vpnbot/venv/lib/python3.10/site-packages/aiogram/dispatcher/middlewares/error.py", line 27, in __call__
    return await handler(event, data)
  File "/root/vpnbot/venv/lib/python3.10/site-packages/aiogram/dispatcher/middlewares/user_context.py", line 58, in __call__
    return await handler(event, data)
  File "/root/vpnbot/venv/lib/python3.10/site-packages/aiogram/fsm/middleware.py", line 43, in __call__
    return await handler(event, data)
  File "/root/vpnbot/venv/lib/python3.10/site-packages/aiogram/dispatcher/event/telegram.py", line 126, in trigger
    return await wrapped_inner(event, kwargs)
  File "/root/vpnbot/venv/lib/python3.10/site-packages/aiogram/dispatcher/event/handler.py", line 43, in call
    return await wrapped()
  File "/root/vpnbot/venv/lib/python3.10/site-packages/aiogram/dispatcher/dispatcher.py", line 283, in _listen_update
    return await self.propagate_event(update_type=update_type, event=event, **kwargs)
  File "/root/vpnbot/venv/lib/python3.10/site-packages/aiogram/dispatcher/router.py", line 161, in propagate_event
    return await observer.wrap_outer_middleware(_wrapped, event=event, data=kwargs)
  File "/root/vpnbot/venv/lib/python3.10/site-packages/aiogram/dispatcher/router.py", line 153, in _wrapped
    return await self._propagate_event(
  File "/root/vpnbot/venv/lib/python3.10/site-packages/aiogram/dispatcher/router.py", line 181, in _propagate_event
    response = await observer.trigger(event, **kwargs)
  File "/root/vpnbot/venv/lib/python3.10/site-packages/aiogram/dispatcher/event/telegram.py", line 126, in trigger
    return await wrapped_inner(event, kwargs)
  File "/root/vpnbot/venv/lib/python3.10/site-packages/aiogram/dispatcher/event/handler.py", line 43, in call
    return await wrapped()
  File "/root/vpnbot/main_bot.py", line 317, in check_payment_status
    await callback.message.answer(
  File "/root/vpnbot/venv/lib/python3.10/site-packages/aiogram/methods/base.py", line 84, in emit
    return await bot(self)
  File "/root/vpnbot/venv/lib/python3.10/site-packages/aiogram/client/bot.py", line 485, in __call__
    return await self.session(self, method, timeout=request_timeout)
  File "/root/vpnbot/venv/lib/python3.10/site-packages/aiogram/client/session/base.py", line 259, in __call__
    return cast(TelegramType, await middleware(bot, method))
  File "/root/vpnbot/venv/lib/python3.10/site-packages/aiogram/client/session/aiohttp.py", line 177, in make_request
    response = self.check_response(
  File "/root/vpnbot/venv/lib/python3.10/site-packages/aiogram/client/session/base.py", line 121, in check_response
    raise TelegramBadRequest(method=method, message=description)
aiogram.exceptions.TelegramBadRequest: Telegram server says - Bad Request: inline keyboard button URL 'happvpn://config/abaa5018-d325-46e5-8237-87dddb76e5bf' is invalid: Unsupported URL protocol
2025-12-17 14:37:03,180 - aiogram.event - INFO - Update id=340381021 is not handled. Duration 29 ms by bot id=8588075878
2025-12-17 14:37:03,181 - aiogram.event - ERROR - Cause exception while process update id=340381021 by bot id=8588075878
TelegramBadRequest: Telegram server says - Bad Request: inline keyboard button URL 'happvpn://config/abaa5018-d325-46e5-8237-87dddb76e5bf' is invalid: Unsupported URL protocol
Traceback (most recent call last):
  File "/root/vpnbot/venv/lib/python3.10/site-packages/aiogram/dispatcher/dispatcher.py", line 320, in _process_update
    response = await self.feed_update(bot, update, **kwargs)
  File "/root/vpnbot/venv/lib/python3.10/site-packages/aiogram/dispatcher/dispatcher.py", line 164, in feed_update
    response = await self.update.wrap_outer_middleware(
  File "/root/vpnbot/venv/lib/python3.10/site-packages/aiogram/dispatcher/middlewares/error.py", line 27, in __call__
    return await handler(event, data)
  File "/root/vpnbot/venv/lib/python3.10/site-packages/aiogram/dispatcher/middlewares/user_context.py", line 58, in __call__
    return await handler(event, data)
  File "/root/vpnbot/venv/lib/python3.10/site-packages/aiogram/fsm/middleware.py", line 43, in __call__
    return await handler(event, data)
  File "/root/vpnbot/venv/lib/python3.10/site-packages/aiogram/dispatcher/event/telegram.py", line 126, in trigger
    return await wrapped_inner(event, kwargs)
  File "/root/vpnbot/venv/lib/python3.10/site-packages/aiogram/dispatcher/event/handler.py", line 43, in call
    return await wrapped()
  File "/root/vpnbot/venv/lib/python3.10/site-packages/aiogram/dispatcher/dispatcher.py", line 283, in _listen_update
    return await self.propagate_event(update_type=update_type, event=event, **kwargs)
  File "/root/vpnbot/venv/lib/python3.10/site-packages/aiogram/dispatcher/router.py", line 161, in propagate_event
    return await observer.wrap_outer_middleware(_wrapped, event=event, data=kwargs)
  File "/root/vpnbot/venv/lib/python3.10/site-packages/aiogram/dispatcher/router.py", line 153, in _wrapped
    return await self._propagate_event(
  File "/root/vpnbot/venv/lib/python3.10/site-packages/aiogram/dispatcher/router.py", line 181, in _propagate_event
    response = await observer.trigger(event, **kwargs)
  File "/root/vpnbot/venv/lib/python3.10/site-packages/aiogram/dispatcher/event/telegram.py", line 126, in trigger
    return await wrapped_inner(event, kwargs)
  File "/root/vpnbot/venv/lib/python3.10/site-packages/aiogram/dispatcher/event/handler.py", line 43, in call
    return await wrapped()
  File "/root/vpnbot/main_bot.py", line 317, in check_payment_status
    await callback.message.answer(
  File "/root/vpnbot/venv/lib/python3.10/site-packages/aiogram/methods/base.py", line 84, in emit
    return await bot(self)
  File "/root/vpnbot/venv/lib/python3.10/site-packages/aiogram/client/bot.py", line 485, in __call__
    return await self.session(self, method, timeout=request_timeout)
  File "/root/vpnbot/venv/lib/python3.10/site-packages/aiogram/client/session/base.py", line 259, in __call__
    return cast(TelegramType, await middleware(bot, method))
  File "/root/vpnbot/venv/lib/python3.10/site-packages/aiogram/client/session/aiohttp.py", line 177, in make_request
    response = self.check_response(
  File "/root/vpnbot/venv/lib/python3.10/site-packages/aiogram/client/session/base.py", line 121, in check_response
    raise TelegramBadRequest(method=method, message=description)
aiogram.exceptions.TelegramBadRequest: Telegram server says - Bad Request: inline keyboard button URL 'happvpn://config/abaa5018-d325-46e5-8237-87dddb76e5bf' is invalid: Unsupported URL protocol
2025-12-17 14:37:20,081 - aiogram.event - INFO - Update id=340381022 is not handled. Duration 30 ms by bot id=8588075878
2025-12-17 14:37:20,082 - aiogram.event - ERROR - Cause exception while process update id=340381022 by bot id=8588075878
TelegramBadRequest: Telegram server says - Bad Request: inline keyboard button URL 'happvpn://config/abaa5018-d325-46e5-8237-87dddb76e5bf' is invalid: Unsupported URL protocol
Traceback (most recent call last):
  File "/root/vpnbot/venv/lib/python3.10/site-packages/aiogram/dispatcher/dispatcher.py", line 320, in _process_update
    response = await self.feed_update(bot, update, **kwargs)
  File "/root/vpnbot/venv/lib/python3.10/site-packages/aiogram/dispatcher/dispatcher.py", line 164, in feed_update
    response = await self.update.wrap_outer_middleware(
  File "/root/vpnbot/venv/lib/python3.10/site-packages/aiogram/dispatcher/middlewares/error.py", line 27, in __call__
    return await handler(event, data)
  File "/root/vpnbot/venv/lib/python3.10/site-packages/aiogram/dispatcher/middlewares/user_context.py", line 58, in __call__
    return await handler(event, data)
  File "/root/vpnbot/venv/lib/python3.10/site-packages/aiogram/fsm/middleware.py", line 43, in __call__
    return await handler(event, data)
  File "/root/vpnbot/venv/lib/python3.10/site-packages/aiogram/dispatcher/event/telegram.py", line 126, in trigger
    return await wrapped_inner(event, kwargs)
  File "/root/vpnbot/venv/lib/python3.10/site-packages/aiogram/dispatcher/event/handler.py", line 43, in call
    return await wrapped()
  File "/root/vpnbot/venv/lib/python3.10/site-packages/aiogram/dispatcher/dispatcher.py", line 283, in _listen_update
    return await self.propagate_event(update_type=update_type, event=event, **kwargs)
  File "/root/vpnbot/venv/lib/python3.10/site-packages/aiogram/dispatcher/router.py", line 161, in propagate_event
    return await observer.wrap_outer_middleware(_wrapped, event=event, data=kwargs)
  File "/root/vpnbot/venv/lib/python3.10/site-packages/aiogram/dispatcher/router.py", line 153, in _wrapped
    return await self._propagate_event(
  File "/root/vpnbot/venv/lib/python3.10/site-packages/aiogram/dispatcher/router.py", line 181, in _propagate_event
    response = await observer.trigger(event, **kwargs)
  File "/root/vpnbot/venv/lib/python3.10/site-packages/aiogram/dispatcher/event/telegram.py", line 126, in trigger
    return await wrapped_inner(event, kwargs)
  File "/root/vpnbot/venv/lib/python3.10/site-packages/aiogram/dispatcher/event/handler.py", line 43, in call
    return await wrapped()
  File "/root/vpnbot/main_bot.py", line 317, in check_payment_status
    await callback.message.answer(
  File "/root/vpnbot/venv/lib/python3.10/site-packages/aiogram/methods/base.py", line 84, in emit
    return await bot(self)
  File "/root/vpnbot/venv/lib/python3.10/site-packages/aiogram/client/bot.py", line 485, in __call__
    return await self.session(self, method, timeout=request_timeout)
  File "/root/vpnbot/venv/lib/python3.10/site-packages/aiogram/client/session/base.py", line 259, in __call__
    return cast(TelegramType, await middleware(bot, method))
  File "/root/vpnbot/venv/lib/python3.10/site-packages/aiogram/client/session/aiohttp.py", line 177, in make_request
    response = self.check_response(
  File "/root/vpnbot/venv/lib/python3.10/site-packages/aiogram/client/session/base.py", line 121, in check_response
    raise TelegramBadRequest(method=method, message=description)
aiogram.exceptions.TelegramBadRequest: Telegram server says - Bad Request: inline keyboard button URL 'happvpn://config/abaa5018-d325-46e5-8237-87dddb76e5bf' is invalid: Unsupported URL protocol
2025-12-17 14:41:05,857 - aiogram.dispatcher - WARNING - Received SIGINT signal
2025-12-17 14:41:05,860 - aiogram.dispatcher - INFO - Polling stopped for bot @sequrevpnbot id=8588075878 - 'Secure VPN'
2025-12-17 14:41:05,861 - aiogram.dispatcher - INFO - Polling stopped
2025-12-17 15:03:58,785 - __main__ - INFO - ✅ База данных инициализирована
2025-12-17 15:03:58,789 - __main__ - INFO - ✅ База данных инициализирована
2025-12-17 15:03:58,789 - __main__ - INFO - 🚀 Запуск VPN бота...
2025-12-17 15:03:58,790 - __main__ - INFO - Цена: 100 руб.
2025-12-17 15:03:58,790 - __main__ - INFO - Домен: https://secureprodaww.ru
2025-12-17 15:03:58,790 - __main__ - INFO - Platega API: Настроен
2025-12-17 15:03:58,862 - aiogram.dispatcher - INFO - Start polling
2025-12-17 15:03:58,881 - aiogram.dispatcher - INFO - Run polling for bot @sequrevpnbot id=8588075878 - 'Secure VPN'
2025-12-17 15:04:50,870 - aiogram.event - INFO - Update id=340381023 is handled. Duration 153 ms by bot id=8588075878
2025-12-17 15:04:57,038 - aiogram.event - INFO - Update id=340381024 is handled. Duration 169 ms by bot id=8588075878
2025-12-17 15:08:29,797 - aiogram.dispatcher - WARNING - Received SIGINT signal
2025-12-17 15:08:29,800 - aiogram.dispatcher - INFO - Polling stopped for bot @sequrevpnbot id=8588075878 - 'Secure VPN'
2025-12-17 15:08:29,801 - aiogram.dispatcher - INFO - Polling stopped
2025-12-17 15:39:43,523 - __main__ - INFO - ✅ База данных инициализирована
2025-12-17 15:39:43,529 - __main__ - INFO - ✅ База данных инициализирована
2025-12-17 15:39:43,529 - __main__ - INFO - 🚀 Запуск VPN бота...
2025-12-17 15:39:43,530 - __main__ - INFO - Цена: 100 руб.
2025-12-17 15:39:43,530 - __main__ - INFO - Домен: https://secureprodaww.ru
2025-12-17 15:39:43,531 - __main__ - INFO - Platega API: Настроен
2025-12-17 15:39:43,615 - aiogram.dispatcher - INFO - Start polling
2025-12-17 15:39:43,641 - aiogram.dispatcher - INFO - Run polling for bot @sequrevpnbot id=8588075878 - 'Secure VPN'
2025-12-17 15:39:49,672 - aiogram.event - INFO - Update id=340381027 is handled. Duration 125 ms by bot id=8588075878
2025-12-17 15:44:10,540 - __main__ - INFO - Ответ от Platega (статус 200): {"paymentMethod":"SBPQR","transactionId":"763b4d10-838e-4214-a837-4addc57d102e","redirect":"https://pay.platega.io?id=763b4d10-838e-4214-a837-4addc57d102e&mh=dc78266f-4a4b-4875-aa31-0be238936913","return":"https://secureprodaww.ru/success","paymentDetails":"100.0 RUB","status":"PENDING","expiresIn":"00:29:29","merchantId":"dc78266f-4a4b-4875-aa31-0be238936913","usdtRate":84.5,"cryptoAmount":0}
2025-12-17 15:44:10,542 - __main__ - INFO - ✅ Платеж создан. Ссылка: https://pay.platega.io?id=763b4d10-838e-4214-a837-4addc57d102e&mh=dc78266f-4a4b-4875-aa31-0be238936913
2025-12-17 15:44:10,612 - aiogram.event - INFO - Update id=340381028 is handled. Duration 1162 ms by bot id=8588075878
2025-12-17 15:45:21,099 - aiogram.event - INFO - Update id=340381029 is handled. Duration 38 ms by bot id=8588075878
2025-12-17 15:49:13,347 - aiogram.dispatcher - WARNING - Received SIGINT signal
2025-12-17 15:49:13,349 - aiogram.dispatcher - INFO - Polling stopped for bot @sequrevpnbot id=8588075878 - 'Secure VPN'
2025-12-17 15:49:13,349 - aiogram.dispatcher - INFO - Polling stopped
2025-12-17 15:49:40,873 - __main__ - INFO - ✅ База данных инициализирована
2025-12-17 15:49:40,876 - __main__ - INFO - ✅ База данных инициализирована
2025-12-17 15:49:40,876 - __main__ - INFO - 🚀 Запуск VPN бота...
2025-12-17 15:49:40,877 - __main__ - INFO - Цена: 10 руб.
2025-12-17 15:49:40,878 - __main__ - INFO - Домен: https://secureprodaww.ru
2025-12-17 15:49:40,878 - __main__ - INFO - Platega API: Настроен
2025-12-17 15:49:40,952 - aiogram.dispatcher - INFO - Start polling
2025-12-17 15:49:40,968 - aiogram.dispatcher - INFO - Run polling for bot @sequrevpnbot id=8588075878 - 'Secure VPN'
2025-12-17 15:49:55,559 - aiogram.event - INFO - Update id=340381030 is handled. Duration 113 ms by bot id=8588075878
2025-12-17 15:50:13,365 - __main__ - INFO - Ответ от Platega (статус 200): {"paymentMethod":"SBPQR","transactionId":"95d86783-70c5-4a42-b6e0-1395e98dfb87","redirect":"https://pay.platega.io?id=95d86783-70c5-4a42-b6e0-1395e98dfb87&mh=dc78266f-4a4b-4875-aa31-0be238936913","return":"https://secureprodaww.ru/success","paymentDetails":"10.0 RUB","status":"PENDING","expiresIn":"00:29:29","merchantId":"dc78266f-4a4b-4875-aa31-0be238936913","usdtRate":84.5,"cryptoAmount":0}
2025-12-17 15:50:13,366 - __main__ - INFO - ✅ Платеж создан. Ссылка: https://pay.platega.io?id=95d86783-70c5-4a42-b6e0-1395e98dfb87&mh=dc78266f-4a4b-4875-aa31-0be238936913
2025-12-17 15:50:13,434 - aiogram.event - INFO - Update id=340381031 is handled. Duration 947 ms by bot id=8588075878
2025-12-17 15:50:48,757 - aiogram.event - INFO - Update id=340381032 is handled. Duration 30 ms by bot id=8588075878
2025-12-17 15:50:52,496 - aiogram.event - INFO - Update id=340381033 is handled. Duration 54 ms by bot id=8588075878
2025-12-17 15:50:58,582 - aiogram.event - INFO - Update id=340381034 is handled. Duration 38 ms by bot id=8588075878
2025-12-17 15:51:00,549 - aiogram.event - INFO - Update id=340381035 is handled. Duration 32 ms by bot id=8588075878
2025-12-17 15:51:58,673 - aiogram.event - INFO - Update id=340381036 is handled. Duration 88 ms by bot id=8588075878
2025-12-17 15:56:44,610 - aiogram.dispatcher - WARNING - Received SIGINT signal
2025-12-17 15:56:44,612 - aiogram.dispatcher - INFO - Polling stopped for bot @sequrevpnbot id=8588075878 - 'Secure VPN'
2025-12-17 15:56:44,613 - aiogram.dispatcher - INFO - Polling stopped
2025-12-17 15:58:15,411 - __main__ - INFO - ✅ База данных инициализирована
2025-12-17 15:58:15,416 - __main__ - INFO - ✅ База данных инициализирована
2025-12-17 15:58:15,416 - __main__ - INFO - 🚀 Запуск VPN бота...
2025-12-17 15:58:15,417 - __main__ - INFO - Цена: 10 руб.
2025-12-17 15:58:15,417 - __main__ - INFO - Домен: https://secureprodaww.ru
2025-12-17 15:58:15,417 - __main__ - INFO - Platega API: Настроен
2025-12-17 15:58:15,485 - aiogram.dispatcher - INFO - Start polling
2025-12-17 15:58:15,507 - aiogram.dispatcher - INFO - Run polling for bot @sequrevpnbot id=8588075878 - 'Secure VPN'
2025-12-17 16:00:57,890 - aiogram.event - INFO - Update id=340381037 is handled. Duration 180 ms by bot id=8588075878
2025-12-17 16:00:59,984 - aiogram.event - INFO - Update id=340381038 is handled. Duration 96 ms by bot id=8588075878
2025-12-17 16:01:07,090 - aiogram.event - INFO - Update id=340381039 is handled. Duration 272 ms by bot id=8588075878
2025-12-17 16:01:31,846 - __main__ - INFO - Ответ от Platega (статус 200): {"paymentMethod":"SBPQR","transactionId":"d6fa812d-3e8a-49af-b354-ff5ef85cc6d7","redirect":"https://pay.platega.io?id=d6fa812d-3e8a-49af-b354-ff5ef85cc6d7&mh=dc78266f-4a4b-4875-aa31-0be238936913","return":"https://secureprodaww.ru/success","paymentDetails":"10.0 RUB","status":"PENDING","expiresIn":"00:29:29","merchantId":"dc78266f-4a4b-4875-aa31-0be238936913","usdtRate":84.5,"cryptoAmount":0}
2025-12-17 16:01:31,848 - __main__ - INFO - ✅ Платеж создан. Ссылка: https://pay.platega.io?id=d6fa812d-3e8a-49af-b354-ff5ef85cc6d7&mh=dc78266f-4a4b-4875-aa31-0be238936913
2025-12-17 16:01:31,936 - aiogram.event - INFO - Update id=340381040 is handled. Duration 1213 ms by bot id=8588075878
2025-12-17 16:02:05,847 - aiogram.event - INFO - Update id=340381041 is handled. Duration 108 ms by bot id=8588075878
2025-12-17 16:02:18,331 - aiogram.event - INFO - Update id=340381042 is handled. Duration 26 ms by bot id=8588075878
2025-12-17 16:02:28,180 - aiogram.event - INFO - Update id=340381043 is handled. Duration 83 ms by bot id=8588075878
2025-12-17 16:03:37,476 - aiogram.event - INFO - Update id=340381044 is not handled. Duration 1 ms by bot id=8588075878
2025-12-17 16:03:55,595 - aiogram.event - INFO - Update id=340381045 is not handled. Duration 0 ms by bot id=8588075878
2025-12-17 16:06:38,996 - aiogram.event - INFO - Update id=340381046 is handled. Duration 57 ms by bot id=8588075878
2025-12-17 17:28:24,061 - aiogram.event - INFO - Update id=340381047 is handled. Duration 140 ms by bot id=8588075878
2025-12-17 17:28:26,471 - __main__ - INFO - Ответ от Platega (статус 200): {"paymentMethod":"SBPQR","transactionId":"6985c39d-2ad1-4f42-96e5-2f4185033530","redirect":"https://pay.platega.io?id=6985c39d-2ad1-4f42-96e5-2f4185033530&mh=dc78266f-4a4b-4875-aa31-0be238936913","return":"https://secureprodaww.ru/success","paymentDetails":"10.0 RUB","status":"PENDING","expiresIn":"00:29:29","merchantId":"dc78266f-4a4b-4875-aa31-0be238936913","usdtRate":84.5,"cryptoAmount":0}
2025-12-17 17:28:26,476 - __main__ - INFO - ✅ Платеж создан. Ссылка: https://pay.platega.io?id=6985c39d-2ad1-4f42-96e5-2f4185033530&mh=dc78266f-4a4b-4875-aa31-0be238936913
2025-12-17 17:28:26,579 - aiogram.event - INFO - Update id=340381048 is handled. Duration 735 ms by bot id=8588075878
2025-12-17 17:28:29,281 - aiogram.event - INFO - Update id=340381049 is handled. Duration 87 ms by bot id=8588075878
2025-12-17 17:28:46,068 - aiogram.event - INFO - Update id=340381050 is handled. Duration 114 ms by bot id=8588075878
